<?xml version="1.0" encoding="UTF-8"?>
<testsuite name="com.mindex.challenge.ChallengeApplicationTests" tests="0" skipped="0" failures="0" errors="0" timestamp="1970-01-01T00:00:00" hostname="DESKTOP-T0LC58M" time="0.0">
  <properties/>
  <system-out><![CDATA[00:25:32.542 [Test worker] DEBUG org.springframework.test.context.junit4.SpringJUnit4ClassRunner - SpringJUnit4ClassRunner constructor called with [class com.mindex.challenge.ChallengeApplicationTests]
00:25:32.549 [Test worker] DEBUG org.springframework.test.context.BootstrapUtils - Instantiating CacheAwareContextLoaderDelegate from class [org.springframework.test.context.cache.DefaultCacheAwareContextLoaderDelegate]
00:25:32.559 [Test worker] DEBUG org.springframework.test.context.BootstrapUtils - Instantiating BootstrapContext using constructor [public org.springframework.test.context.support.DefaultBootstrapContext(java.lang.Class,org.springframework.test.context.CacheAwareContextLoaderDelegate)]
00:25:32.576 [Test worker] DEBUG org.springframework.test.context.BootstrapUtils - Instantiating TestContextBootstrapper for test class [com.mindex.challenge.ChallengeApplicationTests] from class [org.springframework.boot.test.context.SpringBootTestContextBootstrapper]
00:25:32.592 [Test worker] INFO org.springframework.boot.test.context.SpringBootTestContextBootstrapper - Neither @ContextConfiguration nor @ContextHierarchy found for test class [com.mindex.challenge.ChallengeApplicationTests], using SpringBootContextLoader
00:25:32.597 [Test worker] DEBUG org.springframework.test.context.support.AbstractContextLoader - Did not detect default resource location for test class [com.mindex.challenge.ChallengeApplicationTests]: class path resource [com/mindex/challenge/ChallengeApplicationTests-context.xml] does not exist
00:25:32.598 [Test worker] DEBUG org.springframework.test.context.support.AbstractContextLoader - Did not detect default resource location for test class [com.mindex.challenge.ChallengeApplicationTests]: class path resource [com/mindex/challenge/ChallengeApplicationTestsContext.groovy] does not exist
00:25:32.598 [Test worker] INFO org.springframework.test.context.support.AbstractContextLoader - Could not detect default resource locations for test class [com.mindex.challenge.ChallengeApplicationTests]: no resource found for suffixes {-context.xml, Context.groovy}.
00:25:32.599 [Test worker] INFO org.springframework.test.context.support.AnnotationConfigContextLoaderUtils - Could not detect default configuration classes for test class [com.mindex.challenge.ChallengeApplicationTests]: ChallengeApplicationTests does not declare any static, non-private, non-final, nested classes annotated with @Configuration.
00:25:32.663 [Test worker] DEBUG org.springframework.test.context.support.ActiveProfilesUtils - Could not find an 'annotation declaring class' for annotation type [org.springframework.test.context.ActiveProfiles] and class [com.mindex.challenge.ChallengeApplicationTests]
00:25:32.673 [Test worker] DEBUG org.springframework.core.env.StandardEnvironment - Adding [systemProperties] PropertySource with lowest search precedence
00:25:32.675 [Test worker] DEBUG org.springframework.core.env.StandardEnvironment - Adding [systemEnvironment] PropertySource with lowest search precedence
00:25:32.675 [Test worker] DEBUG org.springframework.core.env.StandardEnvironment - Initialized StandardEnvironment with PropertySources [systemProperties,systemEnvironment]
00:25:32.694 [Test worker] DEBUG org.springframework.core.io.support.PathMatchingResourcePatternResolver - Resolved classpath location [com/mindex/challenge/] to resources [URL [file:/C:/Users/raman/Desktop/Buffalo/other_project/senior-code-challenge/build/classes/java/test/com/mindex/challenge/], URL [file:/C:/Users/raman/Desktop/Buffalo/other_project/senior-code-challenge/build/classes/java/main/com/mindex/challenge/]]
00:25:32.695 [Test worker] DEBUG org.springframework.core.io.support.PathMatchingResourcePatternResolver - Looking for matching resources in directory tree [C:\Users\raman\Desktop\Buffalo\other_project\senior-code-challenge\build\classes\java\test\com\mindex\challenge]
00:25:32.696 [Test worker] DEBUG org.springframework.core.io.support.PathMatchingResourcePatternResolver - Searching directory [C:\Users\raman\Desktop\Buffalo\other_project\senior-code-challenge\build\classes\java\test\com\mindex\challenge] for files matching pattern [C:/Users/raman/Desktop/Buffalo/other_project/senior-code-challenge/build/classes/java/test/com/mindex/challenge/*.class]
00:25:32.703 [Test worker] DEBUG org.springframework.core.io.support.PathMatchingResourcePatternResolver - Looking for matching resources in directory tree [C:\Users\raman\Desktop\Buffalo\other_project\senior-code-challenge\build\classes\java\main\com\mindex\challenge]
00:25:32.703 [Test worker] DEBUG org.springframework.core.io.support.PathMatchingResourcePatternResolver - Searching directory [C:\Users\raman\Desktop\Buffalo\other_project\senior-code-challenge\build\classes\java\main\com\mindex\challenge] for files matching pattern [C:/Users/raman/Desktop/Buffalo/other_project/senior-code-challenge/build/classes/java/main/com/mindex/challenge/*.class]
00:25:32.706 [Test worker] DEBUG org.springframework.core.io.support.PathMatchingResourcePatternResolver - Resolved location pattern [classpath*:com/mindex/challenge/*.class] to resources [file [C:\Users\raman\Desktop\Buffalo\other_project\senior-code-challenge\build\classes\java\test\com\mindex\challenge\ChallengeApplicationTests.class], file [C:\Users\raman\Desktop\Buffalo\other_project\senior-code-challenge\build\classes\java\test\com\mindex\challenge\DataBootstrapTest.class], file [C:\Users\raman\Desktop\Buffalo\other_project\senior-code-challenge\build\classes\java\main\com\mindex\challenge\ChallengeApplication.class], file [C:\Users\raman\Desktop\Buffalo\other_project\senior-code-challenge\build\classes\java\main\com\mindex\challenge\DataBootstrap.class], file [C:\Users\raman\Desktop\Buffalo\other_project\senior-code-challenge\build\classes\java\main\com\mindex\challenge\FongoConfiguration.class]]
00:25:32.761 [Test worker] DEBUG org.springframework.context.annotation.ClassPathScanningCandidateComponentProvider - Identified candidate component class: file [C:\Users\raman\Desktop\Buffalo\other_project\senior-code-challenge\build\classes\java\main\com\mindex\challenge\ChallengeApplication.class]
00:25:32.774 [Test worker] INFO org.springframework.boot.test.context.SpringBootTestContextBootstrapper - Found @SpringBootConfiguration com.mindex.challenge.ChallengeApplication for test class com.mindex.challenge.ChallengeApplicationTests
00:25:32.780 [Test worker] DEBUG org.springframework.boot.test.context.SpringBootTestContextBootstrapper - @TestExecutionListeners is not present for class [com.mindex.challenge.ChallengeApplicationTests]: using defaults.
00:25:32.785 [Test worker] INFO org.springframework.boot.test.context.SpringBootTestContextBootstrapper - Loaded default TestExecutionListener class names from location [META-INF/spring.factories]: [org.springframework.boot.test.autoconfigure.restdocs.RestDocsTestExecutionListener, org.springframework.boot.test.autoconfigure.web.client.MockRestServiceServerResetTestExecutionListener, org.springframework.boot.test.autoconfigure.web.servlet.MockMvcPrintOnlyOnFailureTestExecutionListener, org.springframework.boot.test.autoconfigure.web.servlet.WebDriverTestExecutionListener, org.springframework.boot.test.mock.mockito.MockitoTestExecutionListener, org.springframework.boot.test.mock.mockito.ResetMocksTestExecutionListener, org.springframework.test.context.web.ServletTestExecutionListener, org.springframework.test.context.support.DirtiesContextBeforeModesTestExecutionListener, org.springframework.test.context.support.DependencyInjectionTestExecutionListener, org.springframework.test.context.support.DirtiesContextTestExecutionListener, org.springframework.test.context.transaction.TransactionalTestExecutionListener, org.springframework.test.context.jdbc.SqlScriptsTestExecutionListener]
00:25:32.810 [Test worker] INFO org.springframework.boot.test.context.SpringBootTestContextBootstrapper - Using TestExecutionListeners: [org.springframework.test.context.web.ServletTestExecutionListener@2c972d24, org.springframework.test.context.support.DirtiesContextBeforeModesTestExecutionListener@5b0f412a, org.springframework.boot.test.autoconfigure.SpringBootDependencyInjectionTestExecutionListener@2b937c8b, org.springframework.test.context.support.DirtiesContextTestExecutionListener@76f0c23f, org.springframework.test.context.transaction.TransactionalTestExecutionListener@639b3fc8, org.springframework.test.context.jdbc.SqlScriptsTestExecutionListener@42bc3480, org.springframework.boot.test.mock.mockito.MockitoTestExecutionListener@72fb7f78, org.springframework.boot.test.autoconfigure.web.servlet.WebDriverTestExecutionListener@2eaba22, org.springframework.boot.test.mock.mockito.ResetMocksTestExecutionListener@38b5a0c8, org.springframework.boot.test.autoconfigure.web.servlet.MockMvcPrintOnlyOnFailureTestExecutionListener@1b8e8b6a, org.springframework.boot.test.autoconfigure.restdocs.RestDocsTestExecutionListener@32a737dc, org.springframework.boot.test.autoconfigure.web.client.MockRestServiceServerResetTestExecutionListener@65cba000]
00:25:32.813 [Test worker] DEBUG org.springframework.test.annotation.ProfileValueUtils - Retrieved @ProfileValueSourceConfiguration [null] for test class [com.mindex.challenge.ChallengeApplicationTests]
00:25:32.814 [Test worker] DEBUG org.springframework.test.annotation.ProfileValueUtils - Retrieved ProfileValueSource type [class org.springframework.test.annotation.SystemProfileValueSource] for class [com.mindex.challenge.ChallengeApplicationTests]
]]></system-out>
  <system-err><![CDATA[]]></system-err>
</testsuite>
