<?xml version="1.0" encoding="UTF-8"?>
<testsuite name="com.mindex.challenge.service.impl.CompensationServiceImplTest" tests="0" skipped="0" failures="0" errors="0" timestamp="1970-01-01T00:00:00" hostname="DESKTOP-T0LC58M" time="0.0">
  <properties/>
  <system-out><![CDATA[00:25:32.868 [Test worker] DEBUG org.springframework.test.context.junit4.SpringJUnit4ClassRunner - SpringJUnit4ClassRunner constructor called with [class com.mindex.challenge.service.impl.CompensationServiceImplTest]
00:25:32.868 [Test worker] DEBUG org.springframework.test.context.BootstrapUtils - Instantiating CacheAwareContextLoaderDelegate from class [org.springframework.test.context.cache.DefaultCacheAwareContextLoaderDelegate]
00:25:32.868 [Test worker] DEBUG org.springframework.test.context.BootstrapUtils - Instantiating BootstrapContext using constructor [public org.springframework.test.context.support.DefaultBootstrapContext(java.lang.Class,org.springframework.test.context.CacheAwareContextLoaderDelegate)]
00:25:32.869 [Test worker] DEBUG org.springframework.test.context.BootstrapUtils - Instantiating TestContextBootstrapper for test class [com.mindex.challenge.service.impl.CompensationServiceImplTest] from class [org.springframework.boot.test.context.SpringBootTestContextBootstrapper]
00:25:32.870 [Test worker] INFO org.springframework.boot.test.context.SpringBootTestContextBootstrapper - Neither @ContextConfiguration nor @ContextHierarchy found for test class [com.mindex.challenge.service.impl.CompensationServiceImplTest], using SpringBootContextLoader
00:25:32.872 [Test worker] DEBUG org.springframework.test.context.support.AbstractContextLoader - Did not detect default resource location for test class [com.mindex.challenge.service.impl.CompensationServiceImplTest]: class path resource [com/mindex/challenge/service/impl/CompensationServiceImplTest-context.xml] does not exist
00:25:32.874 [Test worker] DEBUG org.springframework.test.context.support.AbstractContextLoader - Did not detect default resource location for test class [com.mindex.challenge.service.impl.CompensationServiceImplTest]: class path resource [com/mindex/challenge/service/impl/CompensationServiceImplTestContext.groovy] does not exist
00:25:32.874 [Test worker] INFO org.springframework.test.context.support.AbstractContextLoader - Could not detect default resource locations for test class [com.mindex.challenge.service.impl.CompensationServiceImplTest]: no resource found for suffixes {-context.xml, Context.groovy}.
00:25:32.874 [Test worker] INFO org.springframework.test.context.support.AnnotationConfigContextLoaderUtils - Could not detect default configuration classes for test class [com.mindex.challenge.service.impl.CompensationServiceImplTest]: CompensationServiceImplTest does not declare any static, non-private, non-final, nested classes annotated with @Configuration.
00:25:32.884 [Test worker] DEBUG org.springframework.test.context.support.ActiveProfilesUtils - Could not find an 'annotation declaring class' for annotation type [org.springframework.test.context.ActiveProfiles] and class [com.mindex.challenge.service.impl.CompensationServiceImplTest]
00:25:32.885 [Test worker] DEBUG org.springframework.core.env.StandardEnvironment - Adding [systemProperties] PropertySource with lowest search precedence
00:25:32.886 [Test worker] DEBUG org.springframework.core.env.StandardEnvironment - Adding [systemEnvironment] PropertySource with lowest search precedence
00:25:32.886 [Test worker] DEBUG org.springframework.core.env.StandardEnvironment - Initialized StandardEnvironment with PropertySources [systemProperties,systemEnvironment]
00:25:32.888 [Test worker] DEBUG org.springframework.core.io.support.PathMatchingResourcePatternResolver - Resolved classpath location [com/mindex/challenge/service/impl/] to resources [URL [file:/C:/Users/raman/Desktop/Buffalo/other_project/senior-code-challenge/build/classes/java/test/com/mindex/challenge/service/impl/], URL [file:/C:/Users/raman/Desktop/Buffalo/other_project/senior-code-challenge/build/classes/java/main/com/mindex/challenge/service/impl/]]
00:25:32.888 [Test worker] DEBUG org.springframework.core.io.support.PathMatchingResourcePatternResolver - Looking for matching resources in directory tree [C:\Users\raman\Desktop\Buffalo\other_project\senior-code-challenge\build\classes\java\test\com\mindex\challenge\service\impl]
00:25:32.889 [Test worker] DEBUG org.springframework.core.io.support.PathMatchingResourcePatternResolver - Searching directory [C:\Users\raman\Desktop\Buffalo\other_project\senior-code-challenge\build\classes\java\test\com\mindex\challenge\service\impl] for files matching pattern [C:/Users/raman/Desktop/Buffalo/other_project/senior-code-challenge/build/classes/java/test/com/mindex/challenge/service/impl/*.class]
00:25:32.892 [Test worker] DEBUG org.springframework.core.io.support.PathMatchingResourcePatternResolver - Looking for matching resources in directory tree [C:\Users\raman\Desktop\Buffalo\other_project\senior-code-challenge\build\classes\java\main\com\mindex\challenge\service\impl]
00:25:32.892 [Test worker] DEBUG org.springframework.core.io.support.PathMatchingResourcePatternResolver - Searching directory [C:\Users\raman\Desktop\Buffalo\other_project\senior-code-challenge\build\classes\java\main\com\mindex\challenge\service\impl] for files matching pattern [C:/Users/raman/Desktop/Buffalo/other_project/senior-code-challenge/build/classes/java/main/com/mindex/challenge/service/impl/*.class]
00:25:32.893 [Test worker] DEBUG org.springframework.core.io.support.PathMatchingResourcePatternResolver - Resolved location pattern [classpath*:com/mindex/challenge/service/impl/*.class] to resources [file [C:\Users\raman\Desktop\Buffalo\other_project\senior-code-challenge\build\classes\java\test\com\mindex\challenge\service\impl\CompensationServiceImplTest.class], file [C:\Users\raman\Desktop\Buffalo\other_project\senior-code-challenge\build\classes\java\test\com\mindex\challenge\service\impl\EmployeeServiceImplTest.class], file [C:\Users\raman\Desktop\Buffalo\other_project\senior-code-challenge\build\classes\java\main\com\mindex\challenge\service\impl\CompensationServiceImpl.class], file [C:\Users\raman\Desktop\Buffalo\other_project\senior-code-challenge\build\classes\java\main\com\mindex\challenge\service\impl\EmployeeServiceImpl.class]]
00:25:32.906 [Test worker] DEBUG org.springframework.core.io.support.PathMatchingResourcePatternResolver - Resolved classpath location [com/mindex/challenge/service/] to resources [URL [file:/C:/Users/raman/Desktop/Buffalo/other_project/senior-code-challenge/build/classes/java/test/com/mindex/challenge/service/], URL [file:/C:/Users/raman/Desktop/Buffalo/other_project/senior-code-challenge/build/classes/java/main/com/mindex/challenge/service/]]
00:25:32.907 [Test worker] DEBUG org.springframework.core.io.support.PathMatchingResourcePatternResolver - Looking for matching resources in directory tree [C:\Users\raman\Desktop\Buffalo\other_project\senior-code-challenge\build\classes\java\test\com\mindex\challenge\service]
00:25:32.907 [Test worker] DEBUG org.springframework.core.io.support.PathMatchingResourcePatternResolver - Searching directory [C:\Users\raman\Desktop\Buffalo\other_project\senior-code-challenge\build\classes\java\test\com\mindex\challenge\service] for files matching pattern [C:/Users/raman/Desktop/Buffalo/other_project/senior-code-challenge/build/classes/java/test/com/mindex/challenge/service/*.class]
00:25:32.908 [Test worker] DEBUG org.springframework.core.io.support.PathMatchingResourcePatternResolver - Looking for matching resources in directory tree [C:\Users\raman\Desktop\Buffalo\other_project\senior-code-challenge\build\classes\java\main\com\mindex\challenge\service]
00:25:32.909 [Test worker] DEBUG org.springframework.core.io.support.PathMatchingResourcePatternResolver - Searching directory [C:\Users\raman\Desktop\Buffalo\other_project\senior-code-challenge\build\classes\java\main\com\mindex\challenge\service] for files matching pattern [C:/Users/raman/Desktop/Buffalo/other_project/senior-code-challenge/build/classes/java/main/com/mindex/challenge/service/*.class]
00:25:32.910 [Test worker] DEBUG org.springframework.core.io.support.PathMatchingResourcePatternResolver - Resolved location pattern [classpath*:com/mindex/challenge/service/*.class] to resources [file [C:\Users\raman\Desktop\Buffalo\other_project\senior-code-challenge\build\classes\java\main\com\mindex\challenge\service\CompensationService.class], file [C:\Users\raman\Desktop\Buffalo\other_project\senior-code-challenge\build\classes\java\main\com\mindex\challenge\service\EmployeeService.class]]
00:25:32.912 [Test worker] DEBUG org.springframework.core.io.support.PathMatchingResourcePatternResolver - Resolved classpath location [com/mindex/challenge/] to resources [URL [file:/C:/Users/raman/Desktop/Buffalo/other_project/senior-code-challenge/build/classes/java/test/com/mindex/challenge/], URL [file:/C:/Users/raman/Desktop/Buffalo/other_project/senior-code-challenge/build/classes/java/main/com/mindex/challenge/]]
00:25:32.912 [Test worker] DEBUG org.springframework.core.io.support.PathMatchingResourcePatternResolver - Looking for matching resources in directory tree [C:\Users\raman\Desktop\Buffalo\other_project\senior-code-challenge\build\classes\java\test\com\mindex\challenge]
00:25:32.912 [Test worker] DEBUG org.springframework.core.io.support.PathMatchingResourcePatternResolver - Searching directory [C:\Users\raman\Desktop\Buffalo\other_project\senior-code-challenge\build\classes\java\test\com\mindex\challenge] for files matching pattern [C:/Users/raman/Desktop/Buffalo/other_project/senior-code-challenge/build/classes/java/test/com/mindex/challenge/*.class]
00:25:32.915 [Test worker] DEBUG org.springframework.core.io.support.PathMatchingResourcePatternResolver - Looking for matching resources in directory tree [C:\Users\raman\Desktop\Buffalo\other_project\senior-code-challenge\build\classes\java\main\com\mindex\challenge]
00:25:32.916 [Test worker] DEBUG org.springframework.core.io.support.PathMatchingResourcePatternResolver - Searching directory [C:\Users\raman\Desktop\Buffalo\other_project\senior-code-challenge\build\classes\java\main\com\mindex\challenge] for files matching pattern [C:/Users/raman/Desktop/Buffalo/other_project/senior-code-challenge/build/classes/java/main/com/mindex/challenge/*.class]
00:25:32.918 [Test worker] DEBUG org.springframework.core.io.support.PathMatchingResourcePatternResolver - Resolved location pattern [classpath*:com/mindex/challenge/*.class] to resources [file [C:\Users\raman\Desktop\Buffalo\other_project\senior-code-challenge\build\classes\java\test\com\mindex\challenge\ChallengeApplicationTests.class], file [C:\Users\raman\Desktop\Buffalo\other_project\senior-code-challenge\build\classes\java\test\com\mindex\challenge\DataBootstrapTest.class], file [C:\Users\raman\Desktop\Buffalo\other_project\senior-code-challenge\build\classes\java\main\com\mindex\challenge\ChallengeApplication.class], file [C:\Users\raman\Desktop\Buffalo\other_project\senior-code-challenge\build\classes\java\main\com\mindex\challenge\DataBootstrap.class], file [C:\Users\raman\Desktop\Buffalo\other_project\senior-code-challenge\build\classes\java\main\com\mindex\challenge\FongoConfiguration.class]]
00:25:32.921 [Test worker] DEBUG org.springframework.context.annotation.ClassPathScanningCandidateComponentProvider - Identified candidate component class: file [C:\Users\raman\Desktop\Buffalo\other_project\senior-code-challenge\build\classes\java\main\com\mindex\challenge\ChallengeApplication.class]
00:25:32.923 [Test worker] INFO org.springframework.boot.test.context.SpringBootTestContextBootstrapper - Found @SpringBootConfiguration com.mindex.challenge.ChallengeApplication for test class com.mindex.challenge.service.impl.CompensationServiceImplTest
00:25:32.925 [Test worker] DEBUG org.springframework.boot.test.context.SpringBootTestContextBootstrapper - @TestExecutionListeners is not present for class [com.mindex.challenge.service.impl.CompensationServiceImplTest]: using defaults.
00:25:32.930 [Test worker] INFO org.springframework.boot.test.context.SpringBootTestContextBootstrapper - Loaded default TestExecutionListener class names from location [META-INF/spring.factories]: [org.springframework.boot.test.autoconfigure.restdocs.RestDocsTestExecutionListener, org.springframework.boot.test.autoconfigure.web.client.MockRestServiceServerResetTestExecutionListener, org.springframework.boot.test.autoconfigure.web.servlet.MockMvcPrintOnlyOnFailureTestExecutionListener, org.springframework.boot.test.autoconfigure.web.servlet.WebDriverTestExecutionListener, org.springframework.boot.test.mock.mockito.MockitoTestExecutionListener, org.springframework.boot.test.mock.mockito.ResetMocksTestExecutionListener, org.springframework.test.context.web.ServletTestExecutionListener, org.springframework.test.context.support.DirtiesContextBeforeModesTestExecutionListener, org.springframework.test.context.support.DependencyInjectionTestExecutionListener, org.springframework.test.context.support.DirtiesContextTestExecutionListener, org.springframework.test.context.transaction.TransactionalTestExecutionListener, org.springframework.test.context.jdbc.SqlScriptsTestExecutionListener]
00:25:32.935 [Test worker] INFO org.springframework.boot.test.context.SpringBootTestContextBootstrapper - Using TestExecutionListeners: [org.springframework.test.context.web.ServletTestExecutionListener@3cb93b7f, org.springframework.test.context.support.DirtiesContextBeforeModesTestExecutionListener@68e0bad9, org.springframework.boot.test.autoconfigure.SpringBootDependencyInjectionTestExecutionListener@2bb1296e, org.springframework.test.context.support.DirtiesContextTestExecutionListener@1afadbd4, org.springframework.test.context.transaction.TransactionalTestExecutionListener@6fed7937, org.springframework.test.context.jdbc.SqlScriptsTestExecutionListener@2363061, org.springframework.boot.test.mock.mockito.MockitoTestExecutionListener@206e8310, org.springframework.boot.test.autoconfigure.web.servlet.WebDriverTestExecutionListener@6c86d8b2, org.springframework.boot.test.mock.mockito.ResetMocksTestExecutionListener@68a620d4, org.springframework.boot.test.autoconfigure.web.servlet.MockMvcPrintOnlyOnFailureTestExecutionListener@5b20b099, org.springframework.boot.test.autoconfigure.restdocs.RestDocsTestExecutionListener@f02deee, org.springframework.boot.test.autoconfigure.web.client.MockRestServiceServerResetTestExecutionListener@559bc4f4]
00:25:32.937 [Test worker] DEBUG org.springframework.test.annotation.ProfileValueUtils - Retrieved @ProfileValueSourceConfiguration [null] for test class [com.mindex.challenge.service.impl.CompensationServiceImplTest]
00:25:32.937 [Test worker] DEBUG org.springframework.test.annotation.ProfileValueUtils - Retrieved ProfileValueSource type [class org.springframework.test.annotation.SystemProfileValueSource] for class [com.mindex.challenge.service.impl.CompensationServiceImplTest]
]]></system-out>
  <system-err><![CDATA[]]></system-err>
</testsuite>
